<?xml version="1.0" encoding="UTF-8"?>
<!-- Generated by org.testng.reporters.JUnitReportReporter -->
<testsuite skipped="0" hostname="rtsubhro-PC" name="com.datadriver.framework.test.logintest.ZohoLoginTest" tests="3" failures="0" timestamp="2022-03-23T14:52:21 EDT" time="281.971" errors="0">
  <testcase name="testZohoLoginTest" time="149.198" classname="com.datadriver.framework.test.logintest.ZohoLoginTest"/>
  <system-out/>
  <testcase name="testZohoLoginTest" time="84.980" classname="com.datadriver.framework.test.logintest.ZohoLoginTest"/>
  <system-out/>
  <testcase name="testZohoLoginTest" time="47.793" classname="com.datadriver.framework.test.logintest.ZohoLoginTest"/>
  <system-out/>
</testsuite> <!-- com.datadriver.framework.test.logintest.ZohoLoginTest -->
