<?xml version="1.0" encoding="UTF-8"?>
<!-- Generated by org.testng.reporters.JUnitReportReporter -->
<testsuite skipped="0" hostname="rtsubhro-PC" name="com.datadriven.framework.utils.TestDataProvider" tests="2" failures="0" timestamp="2022-03-21T23:45:01 EDT" time="0.020" errors="0">
  <testcase name="testSampleOne" time="0.003" classname="com.datadriven.framework.utils.TestDataProvider"/>
  <system-out/>
  <testcase name="testSampleOne" time="0.017" classname="com.datadriven.framework.utils.TestDataProvider"/>
  <system-out/>
</testsuite> <!-- com.datadriven.framework.utils.TestDataProvider -->
